[2025-11-05 12:19:43] Featured reseteado
[2025-11-10 22:40:34] LOGIN - Usuario: asd
[2025-11-10 22:44:45] LOGIN - Usuario: 4488919
[2025-11-11 19:50:59] LOGIN - Usuario: 123455
[2025-11-11 19:51:05] LOGOUT - Usuario: 123455, Duración sesión: 0 minutos, Nivel: 1
[2025-11-11 19:53:54] LOGIN - Usuario: asd
[2025-11-11 19:53:56] LOGOUT - Usuario: asd, Duración sesión: 0 minutos, Nivel: 1
[2025-11-11 19:53:58] LOGIN - Usuario: asd
[2025-11-11 19:53:59] LOGOUT - Usuario: asd, Duración sesión: 0 minutos, Nivel: 1
[2025-11-11 19:54:48] LOGIN - Usuario: 57658675
[2025-11-11 19:54:57] LOGOUT - Usuario: 57658675, Duración sesión: 0 minutos, Nivel: 1
[2025-11-11 19:55:07] LOGIN - Usuario: wedo7804
[2025-11-11 19:55:13] LOGOUT - Usuario: wedo7804, Duración sesión: 0 minutos, Nivel: 1
[2025-11-11 20:53:30] LOGIN - Usuario: 1234
[2025-11-11 21:27:12] LOGOUT - Usuario: 1234, Duración sesión: 33 minutos, Nivel: 2
[2025-11-11 21:27:15] LOGIN - Usuario: 123214
[2025-11-11 21:27:22] LOGOUT - Usuario: 123214, Duración sesión: 0 minutos, Nivel: 1
[2025-11-11 21:27:29] LOGIN - Usuario: asd1
[2025-11-11 21:46:25] LOGOUT - Usuario: asd1, Duración sesión: 18 minutos, Nivel: 2
[2025-11-11 21:46:31] LOGIN - Usuario: 2134
[2025-11-11 21:46:32] LOGOUT - Usuario: 2134, Duración sesión: 0 minutos, Nivel: 1
[2025-11-12 10:21:10] LOGIN - Usuario: wdo7804
[2025-11-12 10:30:25] LOGOUT - Usuario: wdo7804, Duración sesión: 9 minutos, Nivel: 3
[2025-11-12 10:30:26] LOGIN - Usuario: asdsa
[2025-11-13 13:09:47] LOGIN - Usuario: kkk
